<?xml version="1.0" encoding="UTF-8"?>
<testng-results skipped="0" failed="0" ignored="0" total="2" passed="2">
  <reporter-output>
  </reporter-output>
  <suite name="Default suite" duration-ms="48335" started-at="2020-03-22T02:41:51Z" finished-at="2020-03-22T02:42:40Z">
    <groups>
    </groups>
    <test name="Default test" duration-ms="48335" started-at="2020-03-22T02:41:51Z" finished-at="2020-03-22T02:42:40Z">
      <class name="testng.demo.TestNgTest">
        <test-method status="PASS" signature="DragAndDropActions()[pri:0, instance:testng.demo.TestNgTest@5c7fa833]" name="DragAndDropActions" duration-ms="8226" started-at="2020-03-22T02:41:51Z" finished-at="2020-03-22T02:42:00Z">
          <reporter-output>
          </reporter-output>
        </test-method> <!-- DragAndDropActions -->
        <test-method status="PASS" signature="test1()[pri:0, instance:testng.demo.TestNgTest@5c7fa833]" name="test1" duration-ms="40042" started-at="2020-03-22T02:42:00Z" finished-at="2020-03-22T02:42:40Z">
          <reporter-output>
          </reporter-output>
        </test-method> <!-- test1 -->
      </class> <!-- testng.demo.TestNgTest -->
    </test> <!-- Default test -->
  </suite> <!-- Default suite -->
</testng-results>
